<?xml version="1.0" encoding="UTF-8"?>
<!-- Generated by org.testng.reporters.JUnitXMLReporter -->
<testsuite ignored="0" hostname="DESKTOP-B7AHI5I" failures="1" tests="1" name="Test" time="0.086" errors="0" timestamp="2024-09-02T16:19:17 IST">
  <testcase classname="testcase.MyFirstTestFW" name="LoginTest" time="0.0">
    <failure type="org.testng.TestNGException" message="
Some DataProvider public java.lang.String[][] utilities.ReadXLSData.getData(com.github.dockerjava.transport.DockerHttpClient$Request$Method) throws org.apache.poi.EncryptedDocumentException,java.io.IOException parameters unresolved:  at 0 type class com.github.dockerjava.transport.DockerHttpClient$Request$Method
">
      <![CDATA[org.testng.TestNGException: 
Some DataProvider public java.lang.String[][] utilities.ReadXLSData.getData(com.github.dockerjava.transport.DockerHttpClient$Request$Method) throws org.apache.poi.EncryptedDocumentException,java.io.IOException parameters unresolved:  at 0 type class com.github.dockerjava.transport.DockerHttpClient$Request$Method

at java.base/java.util.ArrayList.forEach(ArrayList.java:1596)
... Removed 25 stack frames]]>
    </failure>
  </testcase> <!-- LoginTest -->
</testsuite> <!-- Test -->
